2025-02-21 21:36:15,526 - INFO - Adding job tentatively -- it will be properly scheduled when the scheduler starts
2025-02-21 21:36:15,526 - INFO - ✅ Scheduled job alerts for user 437620818
2025-02-21 21:36:15,526 - INFO - Adding job tentatively -- it will be properly scheduled when the scheduler starts
2025-02-21 21:36:15,526 - INFO - ✅ Scheduled cleanup job for old alerts.
2025-02-21 21:36:15,527 - INFO - Added job "schedule_check_jobs_for_user" to job store "default"
2025-02-21 21:36:15,527 - INFO - Added job "cleanup_old_sent_jobs" to job store "default"
2025-02-21 21:36:15,527 - INFO - Scheduler started
2025-02-21 21:36:15,527 - INFO - 🚀 Scheduler started successfully!
2025-02-21 21:36:15,527 - INFO - 🚀 Bot is starting...
2025-02-21 21:36:16,747 - INFO - HTTP Request: POST https://api.telegram.org/bot8000683191:AAFDvxN6V9fvFKLGjz8KuxxyNfIvc9Ppm7U/getMe "HTTP/1.1 200 OK"
2025-02-21 21:36:17,011 - INFO - HTTP Request: POST https://api.telegram.org/bot8000683191:AAFDvxN6V9fvFKLGjz8KuxxyNfIvc9Ppm7U/deleteWebhook "HTTP/1.1 200 OK"
2025-02-21 21:36:17,012 - INFO - Scheduler started
2025-02-21 21:36:17,012 - INFO - Application started
2025-02-21 21:36:28,364 - INFO - HTTP Request: POST https://api.telegram.org/bot8000683191:AAFDvxN6V9fvFKLGjz8KuxxyNfIvc9Ppm7U/getUpdates "HTTP/1.1 200 OK"
2025-02-21 21:36:38,641 - INFO - HTTP Request: POST https://api.telegram.org/bot8000683191:AAFDvxN6V9fvFKLGjz8KuxxyNfIvc9Ppm7U/getUpdates "HTTP/1.1 200 OK"
2025-02-21 21:36:48,983 - INFO - HTTP Request: POST https://api.telegram.org/bot8000683191:AAFDvxN6V9fvFKLGjz8KuxxyNfIvc9Ppm7U/getUpdates "HTTP/1.1 200 OK"
2025-02-21 21:36:59,273 - INFO - HTTP Request: POST https://api.telegram.org/bot8000683191:AAFDvxN6V9fvFKLGjz8KuxxyNfIvc9Ppm7U/getUpdates "HTTP/1.1 200 OK"
2025-02-21 21:37:09,554 - INFO - HTTP Request: POST https://api.telegram.org/bot8000683191:AAFDvxN6V9fvFKLGjz8KuxxyNfIvc9Ppm7U/getUpdates "HTTP/1.1 200 OK"
2025-02-21 21:37:15,530 - INFO - Running job "schedule_check_jobs_for_user (trigger: interval[0:01:00], next run at: 2025-02-21 21:37:15 +08)" (scheduled at 2025-02-21 21:37:15.526273+08:00)
2025-02-21 21:37:15,531 - INFO - 🔍 Checking jobs for user 437620818
2025-02-21 21:37:15,557 - INFO - 🛠 Fetching jobs for roles: ['intern']
2025-02-21 21:37:16,024 - INFO - Job "schedule_check_jobs_for_user (trigger: interval[0:01:00], next run at: 2025-02-21 21:38:15 +08)" executed successfully
2025-02-21 21:37:19,832 - INFO - HTTP Request: POST https://api.telegram.org/bot8000683191:AAFDvxN6V9fvFKLGjz8KuxxyNfIvc9Ppm7U/getUpdates "HTTP/1.1 200 OK"
2025-02-21 21:37:30,122 - INFO - HTTP Request: POST https://api.telegram.org/bot8000683191:AAFDvxN6V9fvFKLGjz8KuxxyNfIvc9Ppm7U/getUpdates "HTTP/1.1 200 OK"
2025-02-21 21:37:40,438 - INFO - HTTP Request: POST https://api.telegram.org/bot8000683191:AAFDvxN6V9fvFKLGjz8KuxxyNfIvc9Ppm7U/getUpdates "HTTP/1.1 200 OK"
2025-02-21 21:37:50,806 - INFO - HTTP Request: POST https://api.telegram.org/bot8000683191:AAFDvxN6V9fvFKLGjz8KuxxyNfIvc9Ppm7U/getUpdates "HTTP/1.1 200 OK"
2025-02-21 21:38:01,086 - INFO - HTTP Request: POST https://api.telegram.org/bot8000683191:AAFDvxN6V9fvFKLGjz8KuxxyNfIvc9Ppm7U/getUpdates "HTTP/1.1 200 OK"
2025-02-21 21:38:11,415 - INFO - HTTP Request: POST https://api.telegram.org/bot8000683191:AAFDvxN6V9fvFKLGjz8KuxxyNfIvc9Ppm7U/getUpdates "HTTP/1.1 200 OK"
2025-02-21 21:38:15,530 - INFO - Running job "schedule_check_jobs_for_user (trigger: interval[0:01:00], next run at: 2025-02-21 21:39:15 +08)" (scheduled at 2025-02-21 21:38:15.526273+08:00)
2025-02-21 21:38:15,532 - INFO - 🔍 Checking jobs for user 437620818
2025-02-21 21:38:15,565 - INFO - 🛠 Fetching jobs for roles: ['intern']
2025-02-21 21:38:15,970 - INFO - Job "schedule_check_jobs_for_user (trigger: interval[0:01:00], next run at: 2025-02-21 21:39:15 +08)" executed successfully
2025-02-21 21:38:21,692 - INFO - HTTP Request: POST https://api.telegram.org/bot8000683191:AAFDvxN6V9fvFKLGjz8KuxxyNfIvc9Ppm7U/getUpdates "HTTP/1.1 200 OK"
2025-02-21 21:38:32,063 - INFO - HTTP Request: POST https://api.telegram.org/bot8000683191:AAFDvxN6V9fvFKLGjz8KuxxyNfIvc9Ppm7U/getUpdates "HTTP/1.1 200 OK"
2025-02-21 21:38:42,349 - INFO - HTTP Request: POST https://api.telegram.org/bot8000683191:AAFDvxN6V9fvFKLGjz8KuxxyNfIvc9Ppm7U/getUpdates "HTTP/1.1 200 OK"
2025-02-21 21:38:52,631 - INFO - HTTP Request: POST https://api.telegram.org/bot8000683191:AAFDvxN6V9fvFKLGjz8KuxxyNfIvc9Ppm7U/getUpdates "HTTP/1.1 200 OK"
2025-02-21 21:39:02,910 - INFO - HTTP Request: POST https://api.telegram.org/bot8000683191:AAFDvxN6V9fvFKLGjz8KuxxyNfIvc9Ppm7U/getUpdates "HTTP/1.1 200 OK"
2025-02-21 21:39:13,228 - INFO - HTTP Request: POST https://api.telegram.org/bot8000683191:AAFDvxN6V9fvFKLGjz8KuxxyNfIvc9Ppm7U/getUpdates "HTTP/1.1 200 OK"
2025-02-21 21:39:15,529 - INFO - Running job "schedule_check_jobs_for_user (trigger: interval[0:01:00], next run at: 2025-02-21 21:40:15 +08)" (scheduled at 2025-02-21 21:39:15.526273+08:00)
2025-02-21 21:39:15,530 - INFO - 🔍 Checking jobs for user 437620818
2025-02-21 21:39:15,551 - INFO - 🛠 Fetching jobs for roles: ['intern']
2025-02-21 21:39:15,923 - INFO - Job "schedule_check_jobs_for_user (trigger: interval[0:01:00], next run at: 2025-02-21 21:40:15 +08)" executed successfully
2025-02-21 21:39:23,602 - INFO - HTTP Request: POST https://api.telegram.org/bot8000683191:AAFDvxN6V9fvFKLGjz8KuxxyNfIvc9Ppm7U/getUpdates "HTTP/1.1 200 OK"
2025-02-21 21:39:33,946 - INFO - HTTP Request: POST https://api.telegram.org/bot8000683191:AAFDvxN6V9fvFKLGjz8KuxxyNfIvc9Ppm7U/getUpdates "HTTP/1.1 200 OK"
2025-02-21 21:39:44,306 - INFO - HTTP Request: POST https://api.telegram.org/bot8000683191:AAFDvxN6V9fvFKLGjz8KuxxyNfIvc9Ppm7U/getUpdates "HTTP/1.1 200 OK"
2025-02-21 21:39:54,939 - INFO - HTTP Request: POST https://api.telegram.org/bot8000683191:AAFDvxN6V9fvFKLGjz8KuxxyNfIvc9Ppm7U/getUpdates "HTTP/1.1 200 OK"
2025-02-21 21:39:54,941 - INFO - Application is stopping. This might take a moment.
2025-02-21 21:39:54,942 - INFO - Scheduler has been shut down
2025-02-21 21:39:54,953 - INFO - Application.stop() complete
